<?xml version="1.0" encoding="UTF-8"?>
<aiml version="2.0">
    <category>
        <pattern>ดีจ้า</pattern>
        <template>สวัสดีครับ</template>
    </category>
    <category>
        <pattern>หวัดดี*</pattern>
        <template>สวัสดีครับ</template>
    </category>
    <category>
        <pattern>สวัสดี*</pattern>
        <template>สวัสดีครับ</template>
    </category>
    <category>
        <pattern>*วัสดี*</pattern>
        <template>สวัสดีครับ</template>
    </category>
    <category>
        <pattern>I LIKE *</pattern>
        <template>I like <star/> too :)</template>
    </category>
    <category>
        <pattern>list approve</pattern>
        <template>.... show file wait for approve ....</template>
    </category>
    <category>
        <pattern>list all</pattern>
        <template>.... show file all ....</template>
    </category>
     <category>
        <pattern>A</pattern>
        <template><?xml version="1.0" encoding="UTF-8" ?>
    <type>carousel</type>
    <contents>
        <type>bubble</type>
        <hero>
            <type>image</type>
            <size>full</size>
            <aspectRatio>20:13</aspectRatio>
            <aspectMode>cover</aspectMode>
            <url>https://scdn.line-apps.com/n/channel_devcenter/img/fx/01_5_carousel.png</url>
        </hero>
        <body>
            <type>box</type>
            <layout>vertical</layout>
            <spacing>sm</spacing>
            <contents>
                <type>text</type>
                <text>Arm Chair, White</text>
                <wrap>true</wrap>
                <weight>bold</weight>
                <size>xl</size>
            </contents>
            <contents>
                <type>box</type>
                <layout>baseline</layout>
                <contents>
                    <type>text</type>
                    <text>$49</text>
                    <wrap>true</wrap>
                    <weight>bold</weight>
                    <size>xl</size>
                    <flex>0</flex>
                </contents>
                <contents>
                    <type>text</type>
                    <text>.99</text>
                    <wrap>true</wrap>
                    <weight>bold</weight>
                    <size>sm</size>
                    <flex>0</flex>
                </contents>
            </contents>
        </body>
        <footer>
            <type>box</type>
            <layout>vertical</layout>
            <spacing>sm</spacing>
            <contents>
                <type>button</type>
                <style>primary</style>
                <action>
                    <type>uri</type>
                    <label>Add to Cart</label>
                    <uri>https://linecorp.com</uri>
                </action>
            </contents>
            <contents>
                <type>button</type>
                <action>
                    <type>uri</type>
                    <label>Add to wishlist</label>
                    <uri>https://linecorp.com</uri>
                </action>
            </contents>
        </footer>
    </contents>
    <contents>
        <type>bubble</type>
        <hero>
            <type>image</type>
            <size>full</size>
            <aspectRatio>20:13</aspectRatio>
            <aspectMode>cover</aspectMode>
            <url>https://scdn.line-apps.com/n/channel_devcenter/img/fx/01_6_carousel.png</url>
        </hero>
        <body>
            <type>box</type>
            <layout>vertical</layout>
            <spacing>sm</spacing>
            <contents>
                <type>text</type>
                <text>Metal Desk Lamp</text>
                <wrap>true</wrap>
                <weight>bold</weight>
                <size>xl</size>
            </contents>
            <contents>
                <type>box</type>
                <layout>baseline</layout>
                <flex>1</flex>
                <contents>
                    <type>text</type>
                    <text>$11</text>
                    <wrap>true</wrap>
                    <weight>bold</weight>
                    <size>xl</size>
                    <flex>0</flex>
                </contents>
                <contents>
                    <type>text</type>
                    <text>.99</text>
                    <wrap>true</wrap>
                    <weight>bold</weight>
                    <size>sm</size>
                    <flex>0</flex>
                </contents>
            </contents>
            <contents>
                <type>text</type>
                <text>Temporarily out of stock</text>
                <wrap>true</wrap>
                <size>xxs</size>
                <margin>md</margin>
                <color>#ff5551</color>
                <flex>0</flex>
            </contents>
        </body>
        <footer>
            <type>box</type>
            <layout>vertical</layout>
            <spacing>sm</spacing>
            <contents>
                <type>button</type>
                <flex>2</flex>
                <style>primary</style>
                <color>#aaaaaa</color>
                <action>
                    <type>uri</type>
                    <label>Add to Cart</label>
                    <uri>https://linecorp.com</uri>
                </action>
            </contents>
            <contents>
                <type>button</type>
                <action>
                    <type>uri</type>
                    <label>Add to wish list</label>
                    <uri>https://linecorp.com</uri>
                </action>
            </contents>
        </footer>
    </contents>
    <contents>
        <type>bubble</type>
        <body>
            <type>box</type>
            <layout>vertical</layout>
            <spacing>sm</spacing>
            <contents>
                <type>button</type>
                <flex>1</flex>
                <gravity>center</gravity>
                <action>
                    <type>uri</type>
                    <label>See more</label>
                    <uri>https://linecorp.com</uri>
                </action>
            </contents>
        </body>
    </contents></template>
    </category>
</aiml>