<?xml version="1.0" encoding="UTF-8"?>
<aiml version="2.0">
    <category>
        <pattern>ดีจ้า</pattern>
        <template>สวัสดีครับ</template>
    </category>
    <category>
        <pattern>หวัดดี*</pattern>
        <template>สวัสดีครับ</template>
    </category>
    <category>
        <pattern>สวัสดี*</pattern>
        <template>สวัสดีครับ</template>
    </category>
    <category>
        <pattern>*วัสดี*</pattern>
        <template>สวัสดีครับ</template>
    </category>
    <category>
        <pattern>I LIKE *</pattern>
        <template>I like <star/> too :)</template>
    </category>
    <category>
        <pattern>list approve</pattern>
        <template>.... show file wait for approve ....</template>
    </category>
    <category>
        <pattern>list all</pattern>
        <template>.... show file all ....</template>
    </category>
     <category>
        <pattern>A</pattern>
        <template>{
  "type": "carousel",
  "contents": [
    {
      "type": "bubble",
      "hero": {
        "type": "image",
        "size": "full",
        "aspectRatio": "20:13",
        "aspectMode": "cover",
        "url": "https://scdn.line-apps.com/n/channel_devcenter/img/fx/01_5_carousel.png"
      },
      "body": {
        "type": "box",
        "layout": "vertical",
        "spacing": "sm",
        "contents": [
          {
            "type": "text",
            "text": "Arm Chair, White",
            "wrap": true,
            "weight": "bold",
            "size": "xl"
          },
          {
            "type": "box",
            "layout": "baseline",
            "contents": [
              {
                "type": "text",
                "text": "$49",
                "wrap": true,
                "weight": "bold",
                "size": "xl",
                "flex": 0
              },
              {
                "type": "text",
                "text": ".99",
                "wrap": true,
                "weight": "bold",
                "size": "sm",
                "flex": 0
              }
            ]
          }
        ]
      },
      "footer": {
        "type": "box",
        "layout": "vertical",
        "spacing": "sm",
        "contents": [
          {
            "type": "button",
            "style": "primary",
            "action": {
              "type": "uri",
              "label": "Add to Cart",
              "uri": "https://linecorp.com"
            }
          },
          {
            "type": "button",
            "action": {
              "type": "uri",
              "label": "Add to wishlist",
              "uri": "https://linecorp.com"
            }
          }
        ]
      }
    },
    {
      "type": "bubble",
      "hero": {
        "type": "image",
        "size": "full",
        "aspectRatio": "20:13",
        "aspectMode": "cover",
        "url": "https://scdn.line-apps.com/n/channel_devcenter/img/fx/01_6_carousel.png"
      },
      "body": {
        "type": "box",
        "layout": "vertical",
        "spacing": "sm",
        "contents": [
          {
            "type": "text",
            "text": "Metal Desk Lamp",
            "wrap": true,
            "weight": "bold",
            "size": "xl"
          },
          {
            "type": "box",
            "layout": "baseline",
            "flex": 1,
            "contents": [
              {
                "type": "text",
                "text": "$11",
                "wrap": true,
                "weight": "bold",
                "size": "xl",
                "flex": 0
              },
              {
                "type": "text",
                "text": ".99",
                "wrap": true,
                "weight": "bold",
                "size": "sm",
                "flex": 0
              }
            ]
          },
          {
            "type": "text",
            "text": "Temporarily out of stock",
            "wrap": true,
            "size": "xxs",
            "margin": "md",
            "color": "#ff5551",
            "flex": 0
          }
        ]
      },
      "footer": {
        "type": "box",
        "layout": "vertical",
        "spacing": "sm",
        "contents": [
          {
            "type": "button",
            "flex": 2,
            "style": "primary",
            "color": "#aaaaaa",
            "action": {
              "type": "uri",
              "label": "Add to Cart",
              "uri": "https://linecorp.com"
            }
          },
          {
            "type": "button",
            "action": {
              "type": "uri",
              "label": "Add to wish list",
              "uri": "https://linecorp.com"
            }
          }
        ]
      }
    },
    {
      "type": "bubble",
      "body": {
        "type": "box",
        "layout": "vertical",
        "spacing": "sm",
        "contents": [
          {
            "type": "button",
            "flex": 1,
            "gravity": "center",
            "action": {
              "type": "uri",
              "label": "See more",
              "uri": "https://linecorp.com"
            }
          }
        ]
      }
    }
  ]
}</template>
    </category>
</aiml>